<?xml version="1.0" encoding="UTF-8"?>
<!-- Generated by org.testng.reporters.JUnitReportReporter -->
<testsuite hostname="DESKTOP-6EM83U9" failures="0" tests="6" name="api.test.dataDrivenTests" time="12.121" errors="0" timestamp="2024-12-16T19:23:22 IST" skipped="0">
  <testcase classname="api.test.dataDrivenTests" name="testPostUser" time="1.678"/>
  <testcase classname="api.test.dataDrivenTests" name="testPostUser" time="4.574"/>
  <testcase classname="api.test.dataDrivenTests" name="testPostUser" time="1.601"/>
  <testcase classname="api.test.dataDrivenTests" name="testDeleteUserByName" time="1.504"/>
  <testcase classname="api.test.dataDrivenTests" name="testDeleteUserByName" time="1.313"/>
  <testcase classname="api.test.dataDrivenTests" name="testDeleteUserByName" time="1.451"/>
</testsuite> <!-- api.test.dataDrivenTests -->
