<?xml version="1.0" encoding="UTF-8"?>
<!-- Generated by org.testng.reporters.JUnitReportReporter -->
<testsuite hostname="DESKTOP-6EM83U9" failures="0" tests="4" name="api.test.userTests2" time="9.961" errors="0" timestamp="2024-12-18T12:45:25 IST" skipped="0">
  <testcase classname="api.test.userTests2" name="testPostUser" time="3.486"/>
  <testcase classname="api.test.userTests2" name="testGetUserByName" time="1.471"/>
  <testcase classname="api.test.userTests2" name="testUpdateUserByName" time="3.237"/>
  <testcase classname="api.test.userTests2" name="testDeleteUserByName" time="1.767"/>
</testsuite> <!-- api.test.userTests2 -->
