<?xml version="1.0" encoding="UTF-8"?>
<!-- Generated by org.testng.reporters.JUnitReportReporter -->
<testsuite hostname="DESKTOP-6EM83U9" failures="0" tests="4" name="api.test.userTests" time="10.496" errors="0" timestamp="2024-12-18T13:02:48 IST" skipped="0">
  <testcase classname="api.test.userTests" name="testPostUser" time="4.036"/>
  <testcase classname="api.test.userTests" name="testGetUserByName" time="1.669"/>
  <testcase classname="api.test.userTests" name="testUpdateUserByName" time="3.133"/>
  <testcase classname="api.test.userTests" name="testDeleteUserByName" time="1.658"/>
</testsuite> <!-- api.test.userTests -->
